<?xml version="1.0" encoding="UTF-8"?>
<coverage generated="1684776116528" clover="3.2.0">
  <project timestamp="1684776116528" name="All files">
    <metrics statements="8" coveredstatements="8" conditionals="2" coveredconditionals="2" methods="3" coveredmethods="3" elements="13" coveredelements="13" complexity="0" loc="8" ncloc="8" packages="1" files="1" classes="1"/>
    <file name="HelloWorld.vue" path="/Users/phongdo/Documents/projects/mti/nuxt-testing/components/HelloWorld.vue">
      <metrics statements="8" coveredstatements="8" conditionals="2" coveredconditionals="2" methods="3" coveredmethods="3"/>
      <line num="2" count="1" type="stmt"/>
      <line num="47" count="1" type="stmt"/>
      <line num="55" count="1" type="stmt"/>
      <line num="56" count="1" type="stmt"/>
      <line num="69" count="2" type="stmt"/>
      <line num="70" count="2" type="cond" truecount="2" falsecount="0"/>
      <line num="71" count="1" type="stmt"/>
      <line num="74" count="1" type="stmt"/>
    </file>
  </project>
</coverage>
