{"/Users/phongdo/Documents/projects/mti/nuxt-testing/components/HelloWorld.vue": {"path":"/Users/phongdo/Documents/projects/mti/nuxt-testing/components/HelloWorld.vue","statementMap":{"0":{"start":{"line":47,"column":18},"end":{"line":78,"column":null}},"1":{"start":{"line":55,"column":24},"end":{"line":55,"column":null}},"2":{"start":{"line":56,"column":8},"end":{"line":59,"column":null}},"3":{"start":{"line":69,"column":12},"end":{"line":69,"column":null}},"4":{"start":{"line":70,"column":12},"end":{"line":75,"column":null}},"5":{"start":{"line":71,"column":16},"end":{"line":71,"column":null}},"6":{"start":{"line":74,"column":16},"end":{"line":74,"column":null}},"7":{"start":{"line":2,"column":9},"end":{"line":2,"column":null}},"8":{"start":{"line":2,"column":4},"end":{"line":4,"column":null}}},"fnMap":{"0":{"name":"(anonymous_0)","decl":{"start":{"line":54,"column":4},"end":{"line":54,"column":12}},"loc":{"start":{"line":54,"column":12},"end":{"line":60,"column":null}}},"1":{"name":"(anonymous_1)","decl":{"start":{"line":61,"column":4},"end":{"line":61,"column":14}},"loc":{"start":{"line":61,"column":14},"end":{"line":63,"column":null}}},"2":{"name":"(anonymous_2)","decl":{"start":{"line":68,"column":8},"end":{"line":68,"column":22}},"loc":{"start":{"line":68,"column":39},"end":{"line":76,"column":null}}}},"branchMap":{"0":{"loc":{"start":{"line":70,"column":12},"end":{"line":75,"column":null}},"type":"if","locations":[{"start":{"line":70,"column":12},"end":{"line":75,"column":null}},{"start":{"line":73,"column":17},"end":{"line":75,"column":null}}]}},"s":{"0":1,"1":1,"2":1,"3":2,"4":2,"5":1,"6":1,"7":1,"8":1},"f":{"0":1,"1":1,"2":2},"b":{"0":[1,1]}}
}
